[debug] [2020-08-12T13:57:40.585Z] ----------------------------------------------------------------------
[debug] [2020-08-12T13:57:40.586Z] Command:       /usr/local/bin/node /usr/local/bin/firebase serve --only functions
[debug] [2020-08-12T13:57:40.586Z] CLI Version:   8.7.0
[debug] [2020-08-12T13:57:40.586Z] Platform:      darwin
[debug] [2020-08-12T13:57:40.587Z] Node Version:  v12.18.3
[debug] [2020-08-12T13:57:40.587Z] Time:          Wed Aug 12 2020 09:57:40 GMT-0400 (Eastern Daylight Time)
[debug] [2020-08-12T13:57:40.587Z] ----------------------------------------------------------------------
[debug] [2020-08-12T13:57:40.587Z] 
[debug] [2020-08-12T13:57:40.594Z] > command requires scopes: ["email","openid","https://www.googleapis.com/auth/cloudplatformprojects.readonly","https://www.googleapis.com/auth/firebase","https://www.googleapis.com/auth/cloud-platform"]
[debug] [2020-08-12T13:57:40.594Z] > authorizing via signed-in user
[debug] [2020-08-12T13:57:40.594Z] [iam] checking project tic-tac-bananas for permissions ["firebase.projects.get"]
[debug] [2020-08-12T13:57:40.596Z] >>> HTTP REQUEST POST https://cloudresourcemanager.googleapis.com/v1/projects/tic-tac-bananas:testIamPermissions  
 {"permissions":["firebase.projects.get"]}
[debug] [2020-08-12T13:57:40.917Z] <<< HTTP RESPONSE 200 {"content-type":"application/json; charset=UTF-8","vary":"X-Origin, Referer, Origin,Accept-Encoding","date":"Wed, 12 Aug 2020 13:57:40 GMT","server":"ESF","cache-control":"private","x-xss-protection":"0","x-frame-options":"SAMEORIGIN","x-content-type-options":"nosniff","server-timing":"gfet4t7; dur=221","alt-svc":"h3-29=\":443\"; ma=2592000,h3-27=\":443\"; ma=2592000,h3-T050=\":443\"; ma=2592000,h3-Q050=\":443\"; ma=2592000,h3-Q046=\":443\"; ma=2592000,h3-Q043=\":443\"; ma=2592000,quic=\":443\"; ma=2592000; v=\"46,43\"","accept-ranges":"none","transfer-encoding":"chunked"}
[debug] [2020-08-12T13:57:40.918Z] >>> HTTP REQUEST GET https://firebase.googleapis.com/v1beta1/projects/tic-tac-bananas  
 
[debug] [2020-08-12T13:57:41.121Z] <<< HTTP RESPONSE 200 {"content-type":"application/json; charset=UTF-8","vary":"X-Origin, Referer, Origin,Accept-Encoding","date":"Wed, 12 Aug 2020 13:57:41 GMT","server":"ESF","cache-control":"private","x-xss-protection":"0","x-frame-options":"SAMEORIGIN","x-content-type-options":"nosniff","alt-svc":"h3-29=\":443\"; ma=2592000,h3-27=\":443\"; ma=2592000,h3-T050=\":443\"; ma=2592000,h3-Q050=\":443\"; ma=2592000,h3-Q046=\":443\"; ma=2592000,h3-Q043=\":443\"; ma=2592000,quic=\":443\"; ma=2592000; v=\"46,43\"","accept-ranges":"none","transfer-encoding":"chunked"}
[warn] ⚠  Your requested "node" version "8" doesn't match your global version "12" {"metadata":{"emulator":{"name":"functions"},"message":"Your requested \"node\" version \"8\" doesn't match your global version \"12\""}}
[info] i  functions: Watching "/Users/samc/Documents/GitHub/tic-tac-bananas/functions" for Cloud Functions... {"metadata":{"emulator":{"name":"functions"},"message":"Watching \"/Users/samc/Documents/GitHub/tic-tac-bananas/functions\" for Cloud Functions..."}}
[debug] [2020-08-12T13:57:41.146Z] [worker-pool] addWorker(~diagnostic~) {"metadata":{"emulator":{"name":"functions"},"message":"[worker-pool] addWorker(~diagnostic~)"}}
[debug] [2020-08-12T13:57:41.146Z] [worker-pool] Adding worker with key ~diagnostic~, total=1 {"metadata":{"emulator":{"name":"functions"},"message":"[worker-pool] Adding worker with key ~diagnostic~, total=1"}}
[debug] [2020-08-12T13:57:41.146Z] [worker-pool] submitWork(triggerId=) {"metadata":{"emulator":{"name":"functions"},"message":"[worker-pool] submitWork(triggerId=)"}}
[debug] [2020-08-12T13:57:41.147Z] [worker-~diagnostic~-4a69279a-654e-4674-b957-217ace4d718b]: Assigning socketPath: /var/folders/kj/sv3qn3xs3759k42hpvyv8my80000gn/T/fire_emu_43650.sock {"metadata":{"emulator":{"name":"functions"},"message":"[worker-~diagnostic~-4a69279a-654e-4674-b957-217ace4d718b]: Assigning socketPath: /var/folders/kj/sv3qn3xs3759k42hpvyv8my80000gn/T/fire_emu_43650.sock"}}
[debug] [2020-08-12T13:57:41.147Z] [worker-~diagnostic~-4a69279a-654e-4674-b957-217ace4d718b]: BUSY {"metadata":{"emulator":{"name":"functions"},"message":"[worker-~diagnostic~-4a69279a-654e-4674-b957-217ace4d718b]: BUSY"}}
[debug] [2020-08-12T13:57:41.369Z] [runtime-status] [43650] Functions runtime initialized. {"cwd":"/Users/samc/Documents/GitHub/tic-tac-bananas/functions","node_version":"12.18.3"} {"metadata":{"emulator":{"name":"functions"},"message":"[runtime-status] [43650] Functions runtime initialized. {\"cwd\":\"/Users/samc/Documents/GitHub/tic-tac-bananas/functions\",\"node_version\":\"12.18.3\"}"}}
[debug] [2020-08-12T13:57:41.370Z] [runtime-status] [43650] Disabled runtime features: undefined {"metadata":{"emulator":{"name":"functions"},"message":"[runtime-status] [43650] Disabled runtime features: undefined"}}
[debug] [2020-08-12T13:57:41.372Z] [runtime-status] [43650] Resolved module firebase-admin {"declared":true,"installed":true,"version":"8.13.0","resolution":"/Users/samc/Documents/GitHub/tic-tac-bananas/functions/node_modules/firebase-admin/lib/index.js"} {"metadata":{"emulator":{"name":"functions"},"message":"[runtime-status] [43650] Resolved module firebase-admin {\"declared\":true,\"installed\":true,\"version\":\"8.13.0\",\"resolution\":\"/Users/samc/Documents/GitHub/tic-tac-bananas/functions/node_modules/firebase-admin/lib/index.js\"}"}}
[debug] [2020-08-12T13:57:41.373Z] [runtime-status] [43650] Resolved module firebase-functions {"declared":true,"installed":true,"version":"3.7.0","resolution":"/Users/samc/Documents/GitHub/tic-tac-bananas/functions/node_modules/firebase-functions/lib/index.js"} {"metadata":{"emulator":{"name":"functions"},"message":"[runtime-status] [43650] Resolved module firebase-functions {\"declared\":true,\"installed\":true,\"version\":\"3.7.0\",\"resolution\":\"/Users/samc/Documents/GitHub/tic-tac-bananas/functions/node_modules/firebase-functions/lib/index.js\"}"}}
[debug] [2020-08-12T13:57:41.374Z] [runtime-status] [43650] Resolved module firebase-functions {"declared":true,"installed":true,"version":"3.7.0","resolution":"/Users/samc/Documents/GitHub/tic-tac-bananas/functions/node_modules/firebase-functions/lib/index.js"} {"metadata":{"emulator":{"name":"functions"},"message":"[runtime-status] [43650] Resolved module firebase-functions {\"declared\":true,\"installed\":true,\"version\":\"3.7.0\",\"resolution\":\"/Users/samc/Documents/GitHub/tic-tac-bananas/functions/node_modules/firebase-functions/lib/index.js\"}"}}
[debug] [2020-08-12T13:57:41.375Z] [runtime-status] [43650] Outgoing network have been stubbed. [{"name":"http","status":"mocked"},{"name":"http","status":"mocked"},{"name":"https","status":"mocked"},{"name":"https","status":"mocked"},{"name":"net","status":"mocked"}] {"metadata":{"emulator":{"name":"functions"},"message":"[runtime-status] [43650] Outgoing network have been stubbed. [{\"name\":\"http\",\"status\":\"mocked\"},{\"name\":\"http\",\"status\":\"mocked\"},{\"name\":\"https\",\"status\":\"mocked\"},{\"name\":\"https\",\"status\":\"mocked\"},{\"name\":\"net\",\"status\":\"mocked\"}]"}}
[debug] [2020-08-12T13:57:41.376Z] [runtime-status] [43650] Resolved module firebase-functions {"declared":true,"installed":true,"version":"3.7.0","resolution":"/Users/samc/Documents/GitHub/tic-tac-bananas/functions/node_modules/firebase-functions/lib/index.js"} {"metadata":{"emulator":{"name":"functions"},"message":"[runtime-status] [43650] Resolved module firebase-functions {\"declared\":true,\"installed\":true,\"version\":\"3.7.0\",\"resolution\":\"/Users/samc/Documents/GitHub/tic-tac-bananas/functions/node_modules/firebase-functions/lib/index.js\"}"}}
[debug] [2020-08-12T13:57:41.405Z] [runtime-status] [43650] Checked functions.config() {"config":{}} {"metadata":{"emulator":{"name":"functions"},"message":"[runtime-status] [43650] Checked functions.config() {\"config\":{}}"}}
[debug] [2020-08-12T13:57:41.405Z] [runtime-status] [43650] firebase-functions has been stubbed. {"functionsResolution":{"declared":true,"installed":true,"version":"3.7.0","resolution":"/Users/samc/Documents/GitHub/tic-tac-bananas/functions/node_modules/firebase-functions/lib/index.js"}} {"metadata":{"emulator":{"name":"functions"},"message":"[runtime-status] [43650] firebase-functions has been stubbed. {\"functionsResolution\":{\"declared\":true,\"installed\":true,\"version\":\"3.7.0\",\"resolution\":\"/Users/samc/Documents/GitHub/tic-tac-bananas/functions/node_modules/firebase-functions/lib/index.js\"}}"}}
[debug] [2020-08-12T13:57:41.405Z] [runtime-status] [43650] Resolved module firebase-functions {"declared":true,"installed":true,"version":"3.7.0","resolution":"/Users/samc/Documents/GitHub/tic-tac-bananas/functions/node_modules/firebase-functions/lib/index.js"} {"metadata":{"emulator":{"name":"functions"},"message":"[runtime-status] [43650] Resolved module firebase-functions {\"declared\":true,\"installed\":true,\"version\":\"3.7.0\",\"resolution\":\"/Users/samc/Documents/GitHub/tic-tac-bananas/functions/node_modules/firebase-functions/lib/index.js\"}"}}
[debug] [2020-08-12T13:57:41.406Z] [runtime-status] [43650] Resolved module firebase-admin {"declared":true,"installed":true,"version":"8.13.0","resolution":"/Users/samc/Documents/GitHub/tic-tac-bananas/functions/node_modules/firebase-admin/lib/index.js"} {"metadata":{"emulator":{"name":"functions"},"message":"[runtime-status] [43650] Resolved module firebase-admin {\"declared\":true,\"installed\":true,\"version\":\"8.13.0\",\"resolution\":\"/Users/samc/Documents/GitHub/tic-tac-bananas/functions/node_modules/firebase-admin/lib/index.js\"}"}}
[debug] [2020-08-12T13:57:41.406Z] [runtime-status] [43650] Resolved module firebase-functions {"declared":true,"installed":true,"version":"3.7.0","resolution":"/Users/samc/Documents/GitHub/tic-tac-bananas/functions/node_modules/firebase-functions/lib/index.js"} {"metadata":{"emulator":{"name":"functions"},"message":"[runtime-status] [43650] Resolved module firebase-functions {\"declared\":true,\"installed\":true,\"version\":\"3.7.0\",\"resolution\":\"/Users/samc/Documents/GitHub/tic-tac-bananas/functions/node_modules/firebase-functions/lib/index.js\"}"}}
[debug] [2020-08-12T13:57:41.406Z] [runtime-status] [43650] firebase-admin has been stubbed. {"adminResolution":{"declared":true,"installed":true,"version":"8.13.0","resolution":"/Users/samc/Documents/GitHub/tic-tac-bananas/functions/node_modules/firebase-admin/lib/index.js"}} {"metadata":{"emulator":{"name":"functions"},"message":"[runtime-status] [43650] firebase-admin has been stubbed. {\"adminResolution\":{\"declared\":true,\"installed\":true,\"version\":\"8.13.0\",\"resolution\":\"/Users/samc/Documents/GitHub/tic-tac-bananas/functions/node_modules/firebase-admin/lib/index.js\"}}"}}
[debug] [2020-08-12T13:57:41.407Z] [worker-~diagnostic~-4a69279a-654e-4674-b957-217ace4d718b]: IDLE {"metadata":{"emulator":{"name":"functions"},"message":"[worker-~diagnostic~-4a69279a-654e-4674-b957-217ace4d718b]: IDLE"}}
